<?xml version="1.0" encoding="UTF-8"?>
<testng-results skipped="0" failed="0" ignored="0" total="1" passed="1">
  <reporter-output>
  </reporter-output>
  <suite name="tuesday execution" duration-ms="543" started-at="2017-12-05T23:30:03Z" finished-at="2017-12-05T23:30:03Z">
    <groups>
      <group name="cucumber">
        <method signature="AbstractTestNGCucumberTests.feature(cucumber.api.testng.CucumberFeatureWrapper)[pri:0, instance:com.talentect.testrunner.testrunner@64616ca2]" name="feature" class="cucumber.api.testng.AbstractTestNGCucumberTests"/>
      </group> <!-- cucumber -->
    </groups>
    <test name="Nopackage" duration-ms="543" started-at="2017-12-05T23:30:03Z" finished-at="2017-12-05T23:30:03Z">
      <class name="com.talentect.testrunner.testrunner">
        <test-method status="PASS" signature="setUpClass()[pri:0, instance:com.talentect.testrunner.testrunner@64616ca2]" name="setUpClass" is-config="true" duration-ms="340" started-at="2017-12-05T18:30:03Z" finished-at="2017-12-05T18:30:03Z">
          <reporter-output>
          </reporter-output>
        </test-method> <!-- setUpClass -->
        <test-method status="PASS" signature="feature(cucumber.api.testng.CucumberFeatureWrapper)[pri:0, instance:com.talentect.testrunner.testrunner@64616ca2]" name="feature" duration-ms="7" started-at="2017-12-05T18:30:03Z" description="Runs Cucumber Feature" data-provider="features" finished-at="2017-12-05T18:30:03Z">
          <params>
            <param index="0">
              <value>
                <![CDATA[User resgistration]]>
              </value>
            </param>
          </params>
          <reporter-output>
          </reporter-output>
        </test-method> <!-- feature -->
        <test-method status="PASS" signature="tearDownClass()[pri:0, instance:com.talentect.testrunner.testrunner@64616ca2]" name="tearDownClass" is-config="true" duration-ms="8" started-at="2017-12-05T18:30:03Z" finished-at="2017-12-05T18:30:03Z">
          <reporter-output>
          </reporter-output>
        </test-method> <!-- tearDownClass -->
      </class> <!-- com.talentect.testrunner.testrunner -->
    </test> <!-- Nopackage -->
  </suite> <!-- tuesday execution -->
</testng-results>
